Arguments: 
  D:\Program Files (x86)\woftware\work\nodejs\node.exe C:\Program Files (x86)\Yarn\bin\yarn.js pull

PATH: 
  C:\Users\wangqiang\bin;C:\Program Files\Git\mingw64\bin;C:\Program Files\Git\usr\local\bin;C:\Program Files\Git\usr\bin;C:\Program Files\Git\usr\bin;C:\Program Files\Git\mingw64\bin;C:\Program Files\Git\usr\bin;C:\ProgramData\Oracle\Java\javapath;C:\windows\system32;C:\windows;C:\windows\System32\Wbem;C:\windows\System32\WindowsPowerShell\v1.0;D:\Program Files (x86)\woftware\work\nodejs;D:\nodejs;D:\nodejs\node_global;D:\nodejs\node_global\node_modules;C:\Program Files (x86)\Yarn\bin;C:\Users\wangqiang\AppData\Local\Android\Sdk\platform-tools;D:\Program Files (x86)\woftware\work\mysql\bin;C:\Users\wangqiang\AppData\Local\Microsoft\WindowsApps;C:\Program Files\Bandizip;D:\Users\wangqiang\AppData\Roaming\npm;C:\Program Files\Java\jdk1.8.0_161\bin;C:\Users\wangqiang\AppData\Local\Yarn\bin;C:\Users\wangqiang\AppData\Local\GitHubDesktop\bin;D:\software\work\Fiddler;C:\Program Files\Git\usr\bin\vendor_perl;C:\Program Files\Git\usr\bin\core_perl

Yarn version: 
  1.5.1

Node version: 
  8.10.0

Platform: 
  win32 x64

npm manifest: 
  {
      "name": "npm-cli-template-webpack",
      "version": "1.0.0",
      "license": "MIT",
      "description": "A full-featured Webpack setup with hot-reload, lint-on-save, unit testing & css extraction.",
      "scripts": {
        "docs": "cd docs && gitbook serve",
        "docs:deploy": "bash ./deploy-docs.sh"
      },
      "devDependencies": {
        "vue-cli": "^2.8.1"
      }
    }

yarn manifest: 
  No manifest

Lockfile: 
  No lockfile

Trace: 
  Error: Command "pull" not found.
      at new MessageError (C:\Program Files (x86)\Yarn\lib\cli.js:186:110)
      at C:\Program Files (x86)\Yarn\lib\cli.js:87307:17
      at Generator.next (<anonymous>)
      at step (C:\Program Files (x86)\Yarn\lib\cli.js:98:30)
      at C:\Program Files (x86)\Yarn\lib\cli.js:116:14
      at new Promise (<anonymous>)
      at new F (C:\Program Files (x86)\Yarn\lib\cli.js:23451:28)
      at C:\Program Files (x86)\Yarn\lib\cli.js:95:12
      at runCommand (C:\Program Files (x86)\Yarn\lib\cli.js:87312:22)
      at Object.<anonymous> (C:\Program Files (x86)\Yarn\lib\cli.js:87412:14)
